<?xml version="1.0" encoding="UTF-8"?>
<testsuite name="au.edu.uq.smartass.engine.SimpleQuestionModuleTest" tests="4" skipped="0" failures="0" errors="0" timestamp="2016-10-24T04:54:27" hostname="ms402-1274.eait.uq.edu.au" time="0.001">
  <properties/>
  <testcase name="getSection" classname="au.edu.uq.smartass.engine.SimpleQuestionModuleTest" time="0.0"/>
  <testcase name="setSolution" classname="au.edu.uq.smartass.engine.SimpleQuestionModuleTest" time="0.0"/>
  <testcase name="setAnswer" classname="au.edu.uq.smartass.engine.SimpleQuestionModuleTest" time="0.0"/>
  <testcase name="setQuestion" classname="au.edu.uq.smartass.engine.SimpleQuestionModuleTest" time="0.0"/>
  <system-out><![CDATA[]]></system-out>
  <system-err><![CDATA[]]></system-err>
</testsuite>
