<?xml version="1.0" encoding="UTF-8"?>
<testsuite name="au.edu.uq.smartass.question.ArithmeticSequenceNthTermModuleTest" tests="4" skipped="0" failures="0" errors="0" timestamp="2016-10-24T04:54:27" hostname="ms402-1274.eait.uq.edu.au" time="0.006">
  <properties/>
  <testcase name="testGetSectionSolution" classname="au.edu.uq.smartass.question.ArithmeticSequenceNthTermModuleTest" time="0.001"/>
  <testcase name="testArithmeticSequenceNthTermModule" classname="au.edu.uq.smartass.question.ArithmeticSequenceNthTermModuleTest" time="0.0"/>
  <testcase name="testGetSectionAnswer" classname="au.edu.uq.smartass.question.ArithmeticSequenceNthTermModuleTest" time="0.0"/>
  <testcase name="testGetSectionQuestion" classname="au.edu.uq.smartass.question.ArithmeticSequenceNthTermModuleTest" time="0.0"/>
  <system-out><![CDATA[\begin{align*}
a_n&=a+(n-1)d,\text{ where }d=6-2=4\text{ and }a=2.\\
\text{Therefore }a_{40}&=2+(40-1)\cdot4\\
&=2+39\cdot4\\
&=158
\end{align*}
$158$
Let $2,6,10$ be the first three terms of a finite arithmetic sequence. Determine the $40$th term in the sequence.
]]></system-out>
  <system-err><![CDATA[]]></system-err>
</testsuite>
