<?xml version="1.0" encoding="UTF-8"?>
<testsuite name="au.edu.uq.smartass.auxiliary.TexPlotTest" tests="3" skipped="0" failures="0" errors="0" timestamp="2016-10-24T04:54:27" hostname="ms402-1274.eait.uq.edu.au" time="0.011">
  <properties/>
  <testcase name="testEmptyGraph" classname="au.edu.uq.smartass.auxiliary.TexPlotTest" time="0.003"/>
  <testcase name="testBasicOutput" classname="au.edu.uq.smartass.auxiliary.TexPlotTest" time="0.003"/>
  <testcase name="largeTest" classname="au.edu.uq.smartass.auxiliary.TexPlotTest" time="0.005"/>
  <system-out><![CDATA[]]></system-out>
  <system-err><![CDATA[]]></system-err>
</testsuite>
