<?xml version="1.0" encoding="UTF-8"?>
<testsuite name="au.edu.uq.smartass.question.CrossProductModuleTest" tests="4" skipped="0" failures="0" errors="0" timestamp="2016-10-24T04:54:27" hostname="ms402-1274.eait.uq.edu.au" time="0.02">
  <properties/>
  <testcase name="testCrossProductSolution" classname="au.edu.uq.smartass.question.CrossProductModuleTest" time="0.005"/>
  <testcase name="testCrossProductQuestion" classname="au.edu.uq.smartass.question.CrossProductModuleTest" time="0.001"/>
  <testcase name="testCrossProductModuleDefault" classname="au.edu.uq.smartass.question.CrossProductModuleTest" time="0.006"/>
  <testcase name="testCrossProductAnswer" classname="au.edu.uq.smartass.question.CrossProductModuleTest" time="0.002"/>
  <system-out><![CDATA[\begin{align*}
\textbf{u}\times\textbf{v}&=\left|\begin{array}{crc}
\textbf{i}&\textbf{j}&\textbf{k}\\5&2&7\\-2&5&-9
\end{array}\right|\\
&=\textbf{i}\left|\begin{array}{rc}2&7\\5&-9\end{array}\right|
-\textbf{j}\left|\begin{array}{cc}5&7\\-2&-9\end{array}\right|
+\textbf{k}\left|\begin{array}{cr}5&2\\-2&5\end{array}\right|\\
&=-53\textbf{i}+31\textbf{j}+29\textbf{k}
\end{align*}
Let $\mathbf{u}=\left(\begin{array}{c}5\\2\\7\end{array}\right)$ 
and $\mathbf{v}=\left(\begin{array}{c}-2\\5\\-9\end{array}\right)$. 
Determine $\bf{u}\times\bf{v}$.
$-53\textbf{i}+31\textbf{j}+29\textbf{k}$
]]></system-out>
  <system-err><![CDATA[]]></system-err>
</testsuite>
