<?xml version="1.0" encoding="UTF-8"?>
<testsuite name="au.edu.uq.smartass.question.GeoSeqSumOfNTermsExceedsNModuleTest" tests="8" skipped="0" failures="0" errors="0" timestamp="2016-10-24T04:54:27" hostname="ms402-1274.eait.uq.edu.au" time="0.044">
  <properties/>
  <testcase name="testGeoSeqSumOfNTermsExceedsNModule" classname="au.edu.uq.smartass.question.GeoSeqSumOfNTermsExceedsNModuleTest" time="0.0"/>
  <testcase name="testGetSectionSolution" classname="au.edu.uq.smartass.question.GeoSeqSumOfNTermsExceedsNModuleTest" time="0.009"/>
  <testcase name="testRandomIntsAnswer" classname="au.edu.uq.smartass.question.GeoSeqSumOfNTermsExceedsNModuleTest" time="0.011"/>
  <testcase name="testGetSectionAnswer" classname="au.edu.uq.smartass.question.GeoSeqSumOfNTermsExceedsNModuleTest" time="0.0"/>
  <testcase name="testGeneratedValues" classname="au.edu.uq.smartass.question.GeoSeqSumOfNTermsExceedsNModuleTest" time="0.005"/>
  <testcase name="testRandomIntsSolution" classname="au.edu.uq.smartass.question.GeoSeqSumOfNTermsExceedsNModuleTest" time="0.0"/>
  <testcase name="testGetSectionQuestion" classname="au.edu.uq.smartass.question.GeoSeqSumOfNTermsExceedsNModuleTest" time="0.001"/>
  <testcase name="testRandomIntsQuestion" classname="au.edu.uq.smartass.question.GeoSeqSumOfNTermsExceedsNModuleTest" time="0.003"/>
  <system-out><![CDATA[Let's solve this as an equation then round appropriately.
\begin{align*}
S_n&=\dfrac{a(r^{n-1})}{r-1}\text{, where }r=6\div2=3\text{ and }a=2.\\
1000&=\dfrac{2(3^{n-1})}{3-1}\\
1000\times2&=2(3^{n-1})\\
2000&=2(3^{n-1})\\
1000&=3^{n-1}\\
\ln1000&=\ln(3^{n-1})\\
\ln1000&=(n-1)\ln3\\
n-1&=\dfrac{\ln1000}{\ln3}\\
n&=\dfrac{\ln1000}{\ln3}+1\\
&=7.29...
\end{align*}
Therefore $8$ terms are needed.
8
Let $2,6,18$ be the first three terms of a geometric sequence. How many terms are needed for the sum to first exceed $1000$?
]]></system-out>
  <system-err><![CDATA[]]></system-err>
</testsuite>
