<?xml version="1.0" encoding="UTF-8"?>
<testsuite name="au.edu.uq.smartass.question.GeometricSequenceTermsToNModuleTest" tests="4" skipped="0" failures="0" errors="0" timestamp="2016-10-24T04:54:27" hostname="ms402-1274.eait.uq.edu.au" time="0.002">
  <properties/>
  <testcase name="testGeometricSequenceTermsToNModule" classname="au.edu.uq.smartass.question.GeometricSequenceTermsToNModuleTest" time="0.0"/>
  <testcase name="testGetSectionSolution" classname="au.edu.uq.smartass.question.GeometricSequenceTermsToNModuleTest" time="0.0"/>
  <testcase name="testGetSectionAnswer" classname="au.edu.uq.smartass.question.GeometricSequenceTermsToNModuleTest" time="0.0"/>
  <testcase name="testGetSectionQuestion" classname="au.edu.uq.smartass.question.GeometricSequenceTermsToNModuleTest" time="0.0"/>
  <system-out><![CDATA[\begin{align*}a_n&=ar^{n-1}\text{, where }r=6\div2=3\text{ and }a=2.\\\text{So }a_{15}&=2\cdot3^{14}\\&=9565938\end{align*}
$9565938$
Let $2,6,18$ be the first three terms of a geometric sequence. Determine the $15$th term in the sequence.
]]></system-out>
  <system-err><![CDATA[]]></system-err>
</testsuite>
